time="2024-02-04T22:57:17.117814180+01:00" level=info msg="Starting up"
time="2024-02-04T22:57:17.118941503+01:00" level=info msg="containerd not running, starting managed containerd"
time="2024-02-04T22:57:17.119881005+01:00" level=info msg="started new containerd process" address=/var/run/docker/containerd/containerd.sock module=libcontainerd pid=1802
time="2024-02-04T22:57:17.144936107+01:00" level=info msg="starting containerd" revision= version=1.7.2
time="2024-02-04T22:57:17.161142222+01:00" level=info msg="loading plugin \"io.containerd.snapshotter.v1.aufs\"..." type=io.containerd.snapshotter.v1
time="2024-02-04T22:57:17.163377670+01:00" level=info msg="skip loading plugin \"io.containerd.snapshotter.v1.aufs\"..." error="aufs is not supported (modprobe aufs failed: exit status 1 \"modprobe: FATAL: Module aufs not found in directory /lib/modules/5.10.16.3-microsoft-standard-WSL2\\n\"): skip plugin" type=io.containerd.snapshotter.v1
time="2024-02-04T22:57:17.164376427+01:00" level=info msg="loading plugin \"io.containerd.snapshotter.v1.btrfs\"..." type=io.containerd.snapshotter.v1
time="2024-02-04T22:57:17.165073418+01:00" level=info msg="skip loading plugin \"io.containerd.snapshotter.v1.btrfs\"..." error="path /var/lib/docker/containerd/daemon/io.containerd.snapshotter.v1.btrfs (ext4) must be a btrfs filesystem to be used with the btrfs snapshotter: skip plugin" type=io.containerd.snapshotter.v1
time="2024-02-04T22:57:17.165438605+01:00" level=info msg="loading plugin \"io.containerd.content.v1.content\"..." type=io.containerd.content.v1
time="2024-02-04T22:57:17.165770820+01:00" level=info msg="loading plugin \"io.containerd.snapshotter.v1.native\"..." type=io.containerd.snapshotter.v1
time="2024-02-04T22:57:17.166091602+01:00" level=info msg="loading plugin \"io.containerd.snapshotter.v1.overlayfs\"..." type=io.containerd.snapshotter.v1
time="2024-02-04T22:57:17.166410772+01:00" level=info msg="loading plugin \"io.containerd.snapshotter.v1.devmapper\"..." type=io.containerd.snapshotter.v1
time="2024-02-04T22:57:17.166647404+01:00" level=warning msg="failed to load plugin io.containerd.snapshotter.v1.devmapper" error="devmapper not configured"
time="2024-02-04T22:57:17.167006760+01:00" level=info msg="loading plugin \"io.containerd.snapshotter.v1.zfs\"..." type=io.containerd.snapshotter.v1
time="2024-02-04T22:57:17.167467379+01:00" level=info msg="skip loading plugin \"io.containerd.snapshotter.v1.zfs\"..." error="path /var/lib/docker/containerd/daemon/io.containerd.snapshotter.v1.zfs must be a zfs filesystem to be used with the zfs snapshotter: skip plugin" type=io.containerd.snapshotter.v1
time="2024-02-04T22:57:17.167775578+01:00" level=info msg="loading plugin \"io.containerd.metadata.v1.bolt\"..." type=io.containerd.metadata.v1
time="2024-02-04T22:57:17.168001910+01:00" level=warning msg="could not use snapshotter devmapper in metadata plugin" error="devmapper not configured"
time="2024-02-04T22:57:17.168236728+01:00" level=info msg="metadata content store policy set" policy=shared
time="2024-02-04T22:57:17.168686697+01:00" level=info msg="loading plugin \"io.containerd.differ.v1.walking\"..." type=io.containerd.differ.v1
time="2024-02-04T22:57:17.169157066+01:00" level=info msg="loading plugin \"io.containerd.event.v1.exchange\"..." type=io.containerd.event.v1
time="2024-02-04T22:57:17.169481395+01:00" level=info msg="loading plugin \"io.containerd.gc.v1.scheduler\"..." type=io.containerd.gc.v1
time="2024-02-04T22:57:17.169739247+01:00" level=info msg="loading plugin \"io.containerd.lease.v1.manager\"..." type=io.containerd.lease.v1
time="2024-02-04T22:57:17.170004323+01:00" level=info msg="loading plugin \"io.containerd.nri.v1.nri\"..." type=io.containerd.nri.v1
time="2024-02-04T22:57:17.170506112+01:00" level=info msg="NRI interface is disabled by configuration."
time="2024-02-04T22:57:17.171016226+01:00" level=info msg="loading plugin \"io.containerd.runtime.v2.task\"..." type=io.containerd.runtime.v2
time="2024-02-04T22:57:17.171401161+01:00" level=info msg="loading plugin \"io.containerd.runtime.v2.shim\"..." type=io.containerd.runtime.v2
time="2024-02-04T22:57:17.171723506+01:00" level=info msg="loading plugin \"io.containerd.sandbox.store.v1.local\"..." type=io.containerd.sandbox.store.v1
time="2024-02-04T22:57:17.171952343+01:00" level=info msg="loading plugin \"io.containerd.sandbox.controller.v1.local\"..." type=io.containerd.sandbox.controller.v1
time="2024-02-04T22:57:17.172248829+01:00" level=info msg="loading plugin \"io.containerd.streaming.v1.manager\"..." type=io.containerd.streaming.v1
time="2024-02-04T22:57:17.172521911+01:00" level=info msg="loading plugin \"io.containerd.service.v1.introspection-service\"..." type=io.containerd.service.v1
time="2024-02-04T22:57:17.172783941+01:00" level=info msg="loading plugin \"io.containerd.service.v1.containers-service\"..." type=io.containerd.service.v1
time="2024-02-04T22:57:17.172965999+01:00" level=info msg="loading plugin \"io.containerd.service.v1.content-service\"..." type=io.containerd.service.v1
time="2024-02-04T22:57:17.173135182+01:00" level=info msg="loading plugin \"io.containerd.service.v1.diff-service\"..." type=io.containerd.service.v1
time="2024-02-04T22:57:17.173399136+01:00" level=info msg="loading plugin \"io.containerd.service.v1.images-service\"..." type=io.containerd.service.v1
time="2024-02-04T22:57:17.173651037+01:00" level=info msg="loading plugin \"io.containerd.service.v1.namespaces-service\"..." type=io.containerd.service.v1
time="2024-02-04T22:57:17.173902908+01:00" level=info msg="loading plugin \"io.containerd.service.v1.snapshots-service\"..." type=io.containerd.service.v1
time="2024-02-04T22:57:17.174116345+01:00" level=info msg="loading plugin \"io.containerd.runtime.v1.linux\"..." type=io.containerd.runtime.v1
time="2024-02-04T22:57:17.174437438+01:00" level=info msg="loading plugin \"io.containerd.monitor.v1.cgroups\"..." type=io.containerd.monitor.v1
time="2024-02-04T22:57:17.174980615+01:00" level=info msg="loading plugin \"io.containerd.service.v1.tasks-service\"..." type=io.containerd.service.v1
time="2024-02-04T22:57:17.175258737+01:00" level=info msg="loading plugin \"io.containerd.grpc.v1.introspection\"..." type=io.containerd.grpc.v1
time="2024-02-04T22:57:17.175573097+01:00" level=info msg="loading plugin \"io.containerd.transfer.v1.local\"..." type=io.containerd.transfer.v1
time="2024-02-04T22:57:17.175766115+01:00" level=info msg="loading plugin \"io.containerd.internal.v1.restart\"..." type=io.containerd.internal.v1
time="2024-02-04T22:57:17.176046661+01:00" level=info msg="loading plugin \"io.containerd.grpc.v1.containers\"..." type=io.containerd.grpc.v1
time="2024-02-04T22:57:17.176330844+01:00" level=info msg="loading plugin \"io.containerd.grpc.v1.content\"..." type=io.containerd.grpc.v1
time="2024-02-04T22:57:17.176584748+01:00" level=info msg="loading plugin \"io.containerd.grpc.v1.diff\"..." type=io.containerd.grpc.v1
time="2024-02-04T22:57:17.176892286+01:00" level=info msg="loading plugin \"io.containerd.grpc.v1.events\"..." type=io.containerd.grpc.v1
time="2024-02-04T22:57:17.177078772+01:00" level=info msg="loading plugin \"io.containerd.grpc.v1.healthcheck\"..." type=io.containerd.grpc.v1
time="2024-02-04T22:57:17.177247534+01:00" level=info msg="loading plugin \"io.containerd.grpc.v1.images\"..." type=io.containerd.grpc.v1
time="2024-02-04T22:57:17.177495518+01:00" level=info msg="loading plugin \"io.containerd.grpc.v1.leases\"..." type=io.containerd.grpc.v1
time="2024-02-04T22:57:17.177747018+01:00" level=info msg="loading plugin \"io.containerd.grpc.v1.namespaces\"..." type=io.containerd.grpc.v1
time="2024-02-04T22:57:17.177998668+01:00" level=info msg="loading plugin \"io.containerd.internal.v1.opt\"..." type=io.containerd.internal.v1
time="2024-02-04T22:57:17.178193611+01:00" level=info msg="loading plugin \"io.containerd.grpc.v1.sandbox-controllers\"..." type=io.containerd.grpc.v1
time="2024-02-04T22:57:17.178361090+01:00" level=info msg="loading plugin \"io.containerd.grpc.v1.sandboxes\"..." type=io.containerd.grpc.v1
time="2024-02-04T22:57:17.178610667+01:00" level=info msg="loading plugin \"io.containerd.grpc.v1.snapshots\"..." type=io.containerd.grpc.v1
time="2024-02-04T22:57:17.178892475+01:00" level=info msg="loading plugin \"io.containerd.grpc.v1.streaming\"..." type=io.containerd.grpc.v1
time="2024-02-04T22:57:17.179164044+01:00" level=info msg="loading plugin \"io.containerd.grpc.v1.tasks\"..." type=io.containerd.grpc.v1
time="2024-02-04T22:57:17.179328057+01:00" level=info msg="loading plugin \"io.containerd.grpc.v1.transfer\"..." type=io.containerd.grpc.v1
time="2024-02-04T22:57:17.179491549+01:00" level=info msg="loading plugin \"io.containerd.grpc.v1.version\"..." type=io.containerd.grpc.v1
time="2024-02-04T22:57:17.179740875+01:00" level=info msg="loading plugin \"io.containerd.tracing.processor.v1.otlp\"..." type=io.containerd.tracing.processor.v1
time="2024-02-04T22:57:17.179991273+01:00" level=info msg="skip loading plugin \"io.containerd.tracing.processor.v1.otlp\"..." error="no OpenTelemetry endpoint: skip plugin" type=io.containerd.tracing.processor.v1
time="2024-02-04T22:57:17.180239237+01:00" level=info msg="loading plugin \"io.containerd.internal.v1.tracing\"..." type=io.containerd.internal.v1
time="2024-02-04T22:57:17.180402328+01:00" level=info msg="skipping tracing processor initialization (no tracing plugin)" error="no OpenTelemetry endpoint: skip plugin"
time="2024-02-04T22:57:17.180831928+01:00" level=info msg=serving... address=/var/run/docker/containerd/containerd-debug.sock
time="2024-02-04T22:57:17.181140187+01:00" level=info msg=serving... address=/var/run/docker/containerd/containerd.sock.ttrpc
time="2024-02-04T22:57:17.181427686+01:00" level=info msg=serving... address=/var/run/docker/containerd/containerd.sock
time="2024-02-04T22:57:17.181711277+01:00" level=info msg="containerd successfully booted in 0.037356s"
time="2024-02-04T22:57:17.202688172+01:00" level=info msg="[graphdriver] using prior storage driver: overlay2"
time="2024-02-04T22:57:17.203196382+01:00" level=info msg="Loading containers: start."
time="2024-02-04T22:57:17.409361897+01:00" level=info msg="stopping event stream following graceful shutdown" error="<nil>" module=libcontainerd namespace=moby
time="2024-02-04T22:57:17.409674243+01:00" level=info msg="stopping healthcheck following graceful shutdown" module=libcontainerd
time="2024-02-04T22:57:17.409681668+01:00" level=info msg="stopping event stream following graceful shutdown" error="context canceled" module=libcontainerd namespace=plugins.moby
failed to start daemon: Error initializing network controller: error obtaining controller instance: unable to add return rule in DOCKER-ISOLATION-STAGE-1 chain:  (iptables failed: iptables --wait -A DOCKER-ISOLATION-STAGE-1 -j RETURN: iptables v1.8.7 (nf_tables):  RULE_APPEND failed (No such file or directory): rule in chain DOCKER-ISOLATION-STAGE-1
 (exit status 4))
